

Microchip MPLAB XC8 Assembler V2.10 build 88905656 
                                                                                               Wed Dec 25 01:50:58 2019

Microchip MPLAB XC8 C Compiler v2.10 (Free license) build 20190730164152 Og1 
     1                           	processor	18F23K22
     2                           	fnconf	rparam,??,?,0
     3                           	opt	pw 120
     4                           	opt	flic
     5                           	psect	cinit,global,reloc=2,class=CODE,delta=1
     6                           	psect	cstackCOMRAM,global,class=COMRAM,space=1,delta=1,noexec
     7                           	psect	text0,global,reloc=2,class=CODE,delta=1
     8                           	psect	intsave_regs,global,class=BIGRAM,space=1,delta=1,noexec
     9                           	psect	rparam,global,class=COMRAM,space=1,delta=1,noexec
    10  0000                     
    11                           ; Version 2.10
    12                           ; Generated 31/07/2019 GMT
    13                           ; 
    14                           ; Copyright © 2019, Microchip Technology Inc. and its subsidiaries ("Microchip")
    15                           ; All rights reserved.
    16                           ; 
    17                           ; This software is developed by Microchip Technology Inc. and its subsidiaries ("Microch
      +                          ip").
    18                           ; 
    19                           ; Redistribution and use in source and binary forms, with or without modification, are
    20                           ; permitted provided that the following conditions are met:
    21                           ; 
    22                           ;     1. Redistributions of source code must retain the above copyright notice, this lis
      +                          t of
    23                           ;        conditions and the following disclaimer.
    24                           ; 
    25                           ;     2. Redistributions in binary form must reproduce the above copyright notice, this 
      +                          list
    26                           ;        of conditions and the following disclaimer in the documentation and/or other
    27                           ;        materials provided with the distribution.
    28                           ; 
    29                           ;     3. Microchip's name may not be used to endorse or promote products derived from th
      +                          is
    30                           ;        software without specific prior written permission.
    31                           ; 
    32                           ; THIS SOFTWARE IS PROVIDED BY MICROCHIP "AS IS" AND ANY EXPRESS OR IMPLIED WARRANTIES,
    33                           ; INCLUDING, BUT NOT LIMITED TO, THE IMPLIED WARRANTIES OF MERCHANTABILITY AND FITNESS F
      +                          OR
    34                           ; PURPOSE ARE DISCLAIMED.  IN NO EVENT SHALL MICROCHIP BE LIABLE FOR ANY DIRECT, INDIREC
      +                          T,
    35                           ; INCIDENTAL, SPECIAL, EXEMPLARY, OR CONSEQUENTIAL DAMAGES (INCLUDING BUT NOT LIMITED TO
    36                           ; PROCUREMENT OF SUBSTITUTE GOODS OR SERVICES; LOSS OF USE, DATA OR PROFITS; OR BUSINESS
    37                           ; INTERRUPTION) HOWSOEVER CAUSED AND ON ANY THEORY OF LIABILITY, WHETHER IN CONTRACT, ST
      +                          RICT
    38                           ; LIABILITY, OR TORT (INCLUDING NEGLIGENCE OR OTHERWISE) ARISING IN ANY WAY OUT OF THE U
      +                          SE OF
    39                           ; THIS SOFTWARE, EVEN IF ADVISED OF THE POSSIBILITY OF SUCH DAMAGE.
    40                           ; 
    41                           ; 
    42                           ; Code-generator required, PIC18F23K22 Definitions
    43                           ; 
    44                           ; SFR Addresses
    45  0000                     _TRISBbits	set	3987
    46                           
    47                           ; #config settings
    48  0000                     
    49                           	psect	cinit
    50  001FD8                     __pcinit:
    51                           	opt callstack 0
    52  001FD8                     start_initialization:
    53                           	opt callstack 0
    54  001FD8                     __initialization:
    55                           	opt callstack 0
    56  001FD8                     end_of_initialization:
    57                           	opt callstack 0
    58  001FD8                     __end_of__initialization:
    59                           	opt callstack 0
    60  001FD8  0100               	movlb	0
    61  001FDA  EFEF  F00F         	goto	_main	;jump to C main() function
    62                           
    63                           	psect	cstackCOMRAM
    64  000001                     __pcstackCOMRAM:
    65                           	opt callstack 0
    66  000001                     ??_main:
    67                           
    68                           ; 1 bytes @ 0x0
    69  000001                     	ds	2
    70                           
    71 ;;
    72 ;;Main: autosize = 0, tempsize = 2, incstack = 0, save=0
    73 ;;
    74 ;; *************** function _main *****************
    75 ;; Defined at:
    76 ;;		line 67 in file "main.c"
    77 ;; Parameters:    Size  Location     Type
    78 ;;		None
    79 ;; Auto vars:     Size  Location     Type
    80 ;;		None
    81 ;; Return value:  Size  Location     Type
    82 ;;                  1    wreg      void 
    83 ;; Registers used:
    84 ;;		wreg, status,2, status,0
    85 ;; Tracked objects:
    86 ;;		On entry : 0/0
    87 ;;		On exit  : 0/0
    88 ;;		Unchanged: 0/0
    89 ;; Data sizes:     COMRAM   BANK0   BANK1
    90 ;;      Params:         0       0       0
    91 ;;      Locals:         0       0       0
    92 ;;      Temps:          2       0       0
    93 ;;      Totals:         2       0       0
    94 ;;Total ram usage:        2 bytes
    95 ;; This function calls:
    96 ;;		Nothing
    97 ;; This function is called by:
    98 ;;		Startup code after reset
    99 ;; This function uses a non-reentrant model
   100 ;;
   101                           
   102                           	psect	text0
   103  001FDE                     __ptext0:
   104                           	opt callstack 0
   105  001FDE                     _main:
   106                           	opt callstack 31
   107  001FDE                     
   108                           ;main.c: 68:     TRISBbits.RB0 = 0;
   109  001FDE  9093               	bcf	147,0,c	;volatile
   110  001FE0                     l690:
   111                           
   112                           ;main.c: 72:         TRISBbits.RB0 ^= 1;
   113  001FE0  7093               	btg	147,0,c	;volatile
   114  001FE2                     
   115                           ;main.c: 73:         _delay((unsigned long)((500)*(8000000/4000.0)));
   116  001FE2  0E06               	movlw	6
   117  001FE4  6E02               	movwf	(??_main+1)^0,c
   118  001FE6  0E13               	movlw	19
   119  001FE8  6E01               	movwf	??_main^0,c
   120  001FEA  0EAE               	movlw	174
   121  001FEC                     u17:
   122  001FEC  2EE8               	decfsz	wreg,f,c
   123  001FEE  D7FE               	bra	u17
   124  001FF0  2E01               	decfsz	??_main^0,f,c
   125  001FF2  D7FC               	bra	u17
   126  001FF4  2E02               	decfsz	(??_main+1)^0,f,c
   127  001FF6  D7FA               	bra	u17
   128  001FF8  EFF0  F00F         	goto	l690
   129  001FFC  EF00  F000         	goto	start
   130  002000                     __end_of_main:
   131                           	opt callstack 0
   132  0000                     
   133                           	psect	rparam
   134  0000                     tosu	equ	0xFFF
   135                           tosh	equ	0xFFE
   136                           tosl	equ	0xFFD
   137                           stkptr	equ	0xFFC
   138                           pclatu	equ	0xFFB
   139                           pclath	equ	0xFFA
   140                           pcl	equ	0xFF9
   141                           tblptru	equ	0xFF8
   142                           tblptrh	equ	0xFF7
   143                           tblptrl	equ	0xFF6
   144                           tablat	equ	0xFF5
   145                           prodh	equ	0xFF4
   146                           prodl	equ	0xFF3
   147                           indf0	equ	0xFEF
   148                           postinc0	equ	0xFEE
   149                           postdec0	equ	0xFED
   150                           preinc0	equ	0xFEC
   151                           plusw0	equ	0xFEB
   152                           fsr0h	equ	0xFEA
   153                           fsr0l	equ	0xFE9
   154                           wreg	equ	0xFE8
   155                           indf1	equ	0xFE7
   156                           postinc1	equ	0xFE6
   157                           postdec1	equ	0xFE5
   158                           preinc1	equ	0xFE4
   159                           plusw1	equ	0xFE3
   160                           fsr1h	equ	0xFE2
   161                           fsr1l	equ	0xFE1
   162                           bsr	equ	0xFE0
   163                           indf2	equ	0xFDF
   164                           postinc2	equ	0xFDE
   165                           postdec2	equ	0xFDD
   166                           preinc2	equ	0xFDC
   167                           plusw2	equ	0xFDB
   168                           fsr2h	equ	0xFDA
   169                           fsr2l	equ	0xFD9
   170                           status	equ	0xFD8


Data Sizes:
    Strings     0
    Constant    0
    Data        0
    BSS         0
    Persistent  0
    Stack       0

Auto Spaces:
    Space          Size  Autos    Used
    COMRAM           95      2       2
    BANK0           160      0       0
    BANK1           256      0       0

Pointer List with Targets:

    None.

Critical Paths under _main in COMRAM

    None.

Critical Paths under _main in BANK0

    None.

Critical Paths under _main in BANK1

    None.

Call Graph Tables:

 ---------------------------------------------------------------------------------
 (Depth) Function   	        Calls       Base Space   Used Autos Params    Refs
 ---------------------------------------------------------------------------------
 (0) _main                                                 2     2      0       0
                                              0 COMRAM     2     2      0
 ---------------------------------------------------------------------------------
 Estimated maximum stack depth 0
 ---------------------------------------------------------------------------------

 Call Graph Graphs:

 _main (ROOT)

 Address spaces:
Name               Size   Autos  Total    Cost      Usage
BITCOMRAM           5F      0       0       0        0.0%
EEDATA             100      0       0       0        0.0%
NULL                 0      0       0       0        0.0%
CODE                 0      0       0       0        0.0%
COMRAM              5F      2       2       1        2.1%
STACK                0      0       0       2        0.0%
BITBANK0            A0      0       0       3        0.0%
BANK0               A0      0       0       4        0.0%
BANK1              100      0       0       5        0.0%
ABS                  0      0       0       6        0.0%
BITBANK1           100      0       0       7        0.0%
BIGRAM             1FF      0       0       8        0.0%
DATA                 0      0       0       9        0.0%
BITSFR_1             0      0       0     200        0.0%
SFR_1                0      0       0     200        0.0%
BITSFR               0      0       0     200        0.0%
SFR                  0      0       0     200        0.0%


Microchip Technology PIC18 Macro Assembler V2.10 build 88905656 
Symbol Table                                                                                   Wed Dec 25 01:50:58 2019

                     u17 1FEC             __CFG_CP0$OFF 000000             __CFG_CP1$OFF 000000  
                    l690 1FE0                      l692 1FE2                      l688 1FDE  
           __CFG_CPB$OFF 000000             __CFG_CPD$OFF 000000                      wreg 000FE8  
           __CFG_LVP$OFF 000000                     _main 1FDE            __CFG_BORV$250 000000  
                   start 0000            __CFG_IESO$OFF 000000             ___param_bank 000000  
                  ?_main 0001            __CFG_WRT0$OFF 000000            __CFG_WRT1$OFF 000000  
         __CFG_EBTR0$OFF 000000           __CFG_FCMEN$OFF 000000           __CFG_EBTR1$OFF 000000  
          __CFG_WRTB$OFF 000000            __CFG_WRTC$OFF 000000            __CFG_WRTD$OFF 000000  
         __CFG_EBTRB$OFF 000000       __CFG_MCLRE$INTMCLR 000000           __CFG_BOREN$OFF 000000  
         __CFG_PBADEN$ON 000000          __initialization 1FD8             __end_of_main 2000  
                 ??_main 0001            __activetblptr 000000           __CFG_WDTEN$OFF 000000  
         __CFG_XINST$OFF 000000           __CFG_STVREN$ON 000000          __CFG_HFOFST$OFF 000000  
             __accesstop 0060  __end_of__initialization 1FD8            ___rparam_used 000001  
         __pcstackCOMRAM 0001          __CFG_PLLCFG$OFF 000000       __CFG_CCP2MX$PORTC1 000000  
     __CFG_CCP3MX$PORTC6 000000        __CFG_PRICLKEN$OFF 000000          __CFG_PWRTEN$OFF 000000  
                __Hparam 0000                  __Lparam 0000                  __pcinit 1FD8  
                __ramtop 0200                  __ptext0 1FDE     end_of_initialization 1FD8  
              _TRISBbits 000F93      start_initialization 1FD8         __CFG_WDTPS$32768 000000  
               __Hrparam 0000                 __Lrparam 0000        __CFG_P2BMX$PORTB5 000000  
          __size_of_main 0022        __CFG_T3CMX$PORTC0 000000        __CFG_FOSC$INTIO67 000000  
